


ARM Macro Assembler    Page 1 


    1 00000000         ; * ----------------------------------------------------
                       -----------------------------------
    2 00000000         ; *  @file:    startup_MKL16Z4.s
    3 00000000         ; *  @purpose: CMSIS Cortex-M0P Core Device Startup File
                       
    4 00000000         ; *            MKL16Z4
    5 00000000         ; *  @version: 1.8
    6 00000000         ; *  @date:    2015-7-29
    7 00000000         ; *  @build:   b170112
    8 00000000         ; * ----------------------------------------------------
                       -----------------------------------
    9 00000000         ; *
   10 00000000         ; * Copyright (c) 1997 - 2016, Freescale Semiconductor, 
                       Inc.
   11 00000000         ; * Copyright 2016 - 2017 NXP
   12 00000000         ; * Redistribution and use in source and binary forms, w
                       ith or without modification,
   13 00000000         ; * are permitted provided that the following conditions
                        are met:
   14 00000000         ; *
   15 00000000         ; * o Redistributions of source code must retain the abo
                       ve copyright notice, this list
   16 00000000         ; *   of conditions and the following disclaimer.
   17 00000000         ; *
   18 00000000         ; * o Redistributions in binary form must reproduce the 
                       above copyright notice, this
   19 00000000         ; *   list of conditions and the following disclaimer in
                        the documentation and/or
   20 00000000         ; *   other materials provided with the distribution.
   21 00000000         ; *
   22 00000000         ; * o Neither the name of the copyright holder nor the n
                       ames of its
   23 00000000         ; *   contributors may be used to endorse or promote pro
                       ducts derived from this
   24 00000000         ; *   software without specific prior written permission
                       .
   25 00000000         ; *
   26 00000000         ; * THIS SOFTWARE IS PROVIDED BY THE COPYRIGHT HOLDERS A
                       ND CONTRIBUTORS "AS IS" AND
   27 00000000         ; * ANY EXPRESS OR IMPLIED WARRANTIES, INCLUDING, BUT NO
                       T LIMITED TO, THE IMPLIED
   28 00000000         ; * WARRANTIES OF MERCHANTABILITY AND FITNESS FOR A PART
                       ICULAR PURPOSE ARE
   29 00000000         ; * DISCLAIMED. IN NO EVENT SHALL THE COPYRIGHT HOLDER O
                       R CONTRIBUTORS BE LIABLE FOR
   30 00000000         ; * ANY DIRECT, INDIRECT, INCIDENTAL, SPECIAL, EXEMPLARY
                       , OR CONSEQUENTIAL DAMAGES
   31 00000000         ; * (INCLUDING, BUT NOT LIMITED TO, PROCUREMENT OF SUBST
                       ITUTE GOODS OR SERVICES;
   32 00000000         ; * LOSS OF USE, DATA, OR PROFITS; OR BUSINESS INTERRUPT
                       ION) HOWEVER CAUSED AND ON
   33 00000000         ; * ANY THEORY OF LIABILITY, WHETHER IN CONTRACT, STRICT
                        LIABILITY, OR TORT
   34 00000000         ; * (INCLUDING NEGLIGENCE OR OTHERWISE) ARISING IN ANY W
                       AY OUT OF THE USE OF THIS
   35 00000000         ; * SOFTWARE, EVEN IF ADVISED OF THE POSSIBILITY OF SUCH
                        DAMAGE.
   36 00000000         ; *
   37 00000000         ; *------- <<< Use Configuration Wizard in Context Menu 



ARM Macro Assembler    Page 2 


                       >>> ------------------
   38 00000000         ; *
   39 00000000         ; ******************************************************
                       ***********************/
   40 00000000         
   41 00000000         
   42 00000000                 PRESERVE8
   43 00000000                 THUMB
   44 00000000         
   45 00000000         
   46 00000000         ; Vector Table Mapped to Address 0 at Reset
   47 00000000         
   48 00000000                 AREA             RESET, DATA, READONLY
   49 00000000                 EXPORT           __Vectors
   50 00000000                 EXPORT           __Vectors_End
   51 00000000                 EXPORT           __Vectors_Size
   52 00000000                 IMPORT           |Image$$ARM_LIB_STACK$$ZI$$Limi
t|
   53 00000000         
   54 00000000 00000000 
                       __Vectors
                               DCD              |Image$$ARM_LIB_STACK$$ZI$$Limi
t| 
                                                            ; Top of Stack
   55 00000004 00000000        DCD              Reset_Handler ; Reset Handler
   56 00000008 00000000        DCD              NMI_Handler ;NMI Handler
   57 0000000C 00000000        DCD              HardFault_Handler 
                                                            ;Hard Fault Handler
                                                            
   58 00000010 00000000        DCD              0           ;Reserved
   59 00000014 00000000        DCD              0           ;Reserved
   60 00000018 00000000        DCD              0           ;Reserved
   61 0000001C 00000000        DCD              0           ;Reserved
   62 00000020 00000000        DCD              0           ;Reserved
   63 00000024 00000000        DCD              0           ;Reserved
   64 00000028 00000000        DCD              0           ;Reserved
   65 0000002C 00000000        DCD              SVC_Handler ;SVCall Handler
   66 00000030 00000000        DCD              0           ;Reserved
   67 00000034 00000000        DCD              0           ;Reserved
   68 00000038 00000000        DCD              PendSV_Handler ;PendSV Handler
   69 0000003C 00000000        DCD              SysTick_Handler 
                                                            ;SysTick Handler
   70 00000040         
   71 00000040         ;External Interrupts
   72 00000040 00000000        DCD              DMA0_IRQHandler ;DMA channel 0 
                                                            transfer complete a
                                                            nd error interrupt
   73 00000044 00000000        DCD              DMA1_IRQHandler ;DMA channel 1 
                                                            transfer complete a
                                                            nd error interrupt
   74 00000048 00000000        DCD              DMA2_IRQHandler ;DMA channel 2 
                                                            transfer complete a
                                                            nd error interrupt
   75 0000004C 00000000        DCD              DMA3_IRQHandler ;DMA channel 3 
                                                            transfer complete a
                                                            nd error interrupt
   76 00000050 00000000        DCD              Reserved20_IRQHandler 
                                                            ;Reserved interrupt
                                                            



ARM Macro Assembler    Page 3 


   77 00000054 00000000        DCD              FTFA_IRQHandler ;FTFA command c
                                                            omplete and read co
                                                            llision
   78 00000058 00000000        DCD              LVD_LVW_IRQHandler ;Low-voltage
                                                             detect, low-voltag
                                                            e warning
   79 0000005C 00000000        DCD              LLWU_IRQHandler 
                                                            ;Low Leakage Wakeup
                                                            
   80 00000060 00000000        DCD              I2C0_IRQHandler ;I2C0 interrupt
                                                            
   81 00000064 00000000        DCD              I2C1_IRQHandler ;I2C1 interrupt
                                                            
   82 00000068 00000000        DCD              SPI0_IRQHandler ;SPI0 single in
                                                            terrupt vector for 
                                                            all sources
   83 0000006C 00000000        DCD              SPI1_IRQHandler ;SPI1 single in
                                                            terrupt vector for 
                                                            all sources
   84 00000070 00000000        DCD              UART0_IRQHandler ;UART0 status 
                                                            and error
   85 00000074 00000000        DCD              UART1_IRQHandler ;UART1 status 
                                                            and error
   86 00000078 00000000        DCD              UART2_IRQHandler ;UART2 status 
                                                            and error
   87 0000007C 00000000        DCD              ADC0_IRQHandler ;ADC0 interrupt
                                                            
   88 00000080 00000000        DCD              CMP0_IRQHandler ;CMP0 interrupt
                                                            
   89 00000084 00000000        DCD              TPM0_IRQHandler ;TPM0 single in
                                                            terrupt vector for 
                                                            all sources
   90 00000088 00000000        DCD              TPM1_IRQHandler ;TPM1 single in
                                                            terrupt vector for 
                                                            all sources
   91 0000008C 00000000        DCD              TPM2_IRQHandler ;TPM2 single in
                                                            terrupt vector for 
                                                            all sources
   92 00000090 00000000        DCD              RTC_IRQHandler ;RTC alarm inter
                                                            rupt
   93 00000094 00000000        DCD              RTC_Seconds_IRQHandler ;RTC sec
                                                            onds interrupt
   94 00000098 00000000        DCD              PIT_IRQHandler ;PIT single inte
                                                            rrupt vector for al
                                                            l channels
   95 0000009C 00000000        DCD              I2S0_IRQHandler ;I2S0 Single in
                                                            terrupt vector for 
                                                            all sources
   96 000000A0 00000000        DCD              Reserved40_IRQHandler 
                                                            ;Reserved interrupt
                                                            
   97 000000A4 00000000        DCD              DAC0_IRQHandler ;DAC0 interrupt
                                                            
   98 000000A8 00000000        DCD              TSI0_IRQHandler ;TSI0 interrupt
                                                            
   99 000000AC 00000000        DCD              MCG_IRQHandler ;MCG interrupt
  100 000000B0 00000000        DCD              LPTMR0_IRQHandler 
                                                            ;LPTMR0 interrupt
  101 000000B4 00000000        DCD              Reserved45_IRQHandler 



ARM Macro Assembler    Page 4 


                                                            ;Reserved interrupt
                                                            
  102 000000B8 00000000        DCD              PORTA_IRQHandler 
                                                            ;PORTA pin detect
  103 000000BC 00000000        DCD              PORTC_PORTD_IRQHandler ;Single 
                                                            interrupt vector fo
                                                            r PORTC and PORTD p
                                                            in detect
  104 000000C0         __Vectors_End
  105 000000C0         
  106 000000C0 000000C0 
                       __Vectors_Size
                               EQU              __Vectors_End - __Vectors
  107 000000C0         
  108 000000C0         ; <h> Flash Configuration
  109 000000C0         ;   <i> 16-byte flash configuration field that stores de
                       fault protection settings (loaded on reset)
  110 000000C0         ;   <i> and security information that allows the MCU to 
                       restrict access to the FTFL module.
  111 000000C0         ;   <h> Backdoor Comparison Key
  112 000000C0         ;     <o0>  Backdoor Comparison Key 0.  <0x0-0xFF:2>
  113 000000C0         ;     <o1>  Backdoor Comparison Key 1.  <0x0-0xFF:2>
  114 000000C0         ;     <o2>  Backdoor Comparison Key 2.  <0x0-0xFF:2>
  115 000000C0         ;     <o3>  Backdoor Comparison Key 3.  <0x0-0xFF:2>
  116 000000C0         ;     <o4>  Backdoor Comparison Key 4.  <0x0-0xFF:2>
  117 000000C0         ;     <o5>  Backdoor Comparison Key 5.  <0x0-0xFF:2>
  118 000000C0         ;     <o6>  Backdoor Comparison Key 6.  <0x0-0xFF:2>
  119 000000C0         ;     <o7>  Backdoor Comparison Key 7.  <0x0-0xFF:2>
  120 000000C0 000000FF 
                       BackDoorK0
                               EQU              0xFF
  121 000000C0 000000FF 
                       BackDoorK1
                               EQU              0xFF
  122 000000C0 000000FF 
                       BackDoorK2
                               EQU              0xFF
  123 000000C0 000000FF 
                       BackDoorK3
                               EQU              0xFF
  124 000000C0 000000FF 
                       BackDoorK4
                               EQU              0xFF
  125 000000C0 000000FF 
                       BackDoorK5
                               EQU              0xFF
  126 000000C0 000000FF 
                       BackDoorK6
                               EQU              0xFF
  127 000000C0 000000FF 
                       BackDoorK7
                               EQU              0xFF
  128 000000C0         ;   </h>
  129 000000C0         ;   <h> Program flash protection bytes (FPROT)
  130 000000C0         ;     <i> Each program flash region can be protected fro
                       m program and erase operation by setting the associated 
                       PROT bit.
  131 000000C0         ;     <i> Each bit protects a 1/32 region of the program
                        flash memory.



ARM Macro Assembler    Page 5 


  132 000000C0         ;     <h> FPROT0
  133 000000C0         ;       <i> Program Flash Region Protect Register 0
  134 000000C0         ;       <i> 1/32 - 8/32 region
  135 000000C0         ;       <o.0>   FPROT0.0
  136 000000C0         ;       <o.1>   FPROT0.1
  137 000000C0         ;       <o.2>   FPROT0.2
  138 000000C0         ;       <o.3>   FPROT0.3
  139 000000C0         ;       <o.4>   FPROT0.4
  140 000000C0         ;       <o.5>   FPROT0.5
  141 000000C0         ;       <o.6>   FPROT0.6
  142 000000C0         ;       <o.7>   FPROT0.7
  143 000000C0 00000000 
                       nFPROT0 EQU              0x00
  144 000000C0 000000FF 
                       FPROT0  EQU              nFPROT0:EOR:0xFF
  145 000000C0         ;     </h>
  146 000000C0         ;     <h> FPROT1
  147 000000C0         ;       <i> Program Flash Region Protect Register 1
  148 000000C0         ;       <i> 9/32 - 16/32 region
  149 000000C0         ;       <o.0>   FPROT1.0
  150 000000C0         ;       <o.1>   FPROT1.1
  151 000000C0         ;       <o.2>   FPROT1.2
  152 000000C0         ;       <o.3>   FPROT1.3
  153 000000C0         ;       <o.4>   FPROT1.4
  154 000000C0         ;       <o.5>   FPROT1.5
  155 000000C0         ;       <o.6>   FPROT1.6
  156 000000C0         ;       <o.7>   FPROT1.7
  157 000000C0 00000000 
                       nFPROT1 EQU              0x00
  158 000000C0 000000FF 
                       FPROT1  EQU              nFPROT1:EOR:0xFF
  159 000000C0         ;     </h>
  160 000000C0         ;     <h> FPROT2
  161 000000C0         ;       <i> Program Flash Region Protect Register 2
  162 000000C0         ;       <i> 17/32 - 24/32 region
  163 000000C0         ;       <o.0>   FPROT2.0
  164 000000C0         ;       <o.1>   FPROT2.1
  165 000000C0         ;       <o.2>   FPROT2.2
  166 000000C0         ;       <o.3>   FPROT2.3
  167 000000C0         ;       <o.4>   FPROT2.4
  168 000000C0         ;       <o.5>   FPROT2.5
  169 000000C0         ;       <o.6>   FPROT2.6
  170 000000C0         ;       <o.7>   FPROT2.7
  171 000000C0 00000000 
                       nFPROT2 EQU              0x00
  172 000000C0 000000FF 
                       FPROT2  EQU              nFPROT2:EOR:0xFF
  173 000000C0         ;     </h>
  174 000000C0         ;     <h> FPROT3
  175 000000C0         ;       <i> Program Flash Region Protect Register 3
  176 000000C0         ;       <i> 25/32 - 32/32 region
  177 000000C0         ;       <o.0>   FPROT3.0
  178 000000C0         ;       <o.1>   FPROT3.1
  179 000000C0         ;       <o.2>   FPROT3.2
  180 000000C0         ;       <o.3>   FPROT3.3
  181 000000C0         ;       <o.4>   FPROT3.4
  182 000000C0         ;       <o.5>   FPROT3.5
  183 000000C0         ;       <o.6>   FPROT3.6
  184 000000C0         ;       <o.7>   FPROT3.7



ARM Macro Assembler    Page 6 


  185 000000C0 00000000 
                       nFPROT3 EQU              0x00
  186 000000C0 000000FF 
                       FPROT3  EQU              nFPROT3:EOR:0xFF
  187 000000C0         ;     </h>
  188 000000C0         ;   </h>
  189 000000C0         ;   <h> Flash nonvolatile option byte (FOPT)
  190 000000C0         ;     <i> Allows the user to customize the operation of 
                       the MCU at boot time.
  191 000000C0         ;     <o.0> LPBOOT0
  192 000000C0         ;       <0=> Core and system clock divider (OUTDIV1) is 
                       0x7 (divide by 8) when LPBOOT1=0 or 0x1 (divide by 2) wh
                       en LPBOOT1=1.
  193 000000C0         ;       <1=> Core and system clock divider (OUTDIV1) is 
                       0x3 (divide by 4) when LPBOOT1=0 or 0x0 (divide by 1) wh
                       en LPBOOT1=1.
  194 000000C0         ;     <o.2> NMI_DIS
  195 000000C0         ;       <0=> NMI interrupts are always blocked
  196 000000C0         ;       <1=> NMI_b pin/interrupts reset default to enabl
                       ed
  197 000000C0         ;     <o.3> RESET_PIN_CFG
  198 000000C0         ;       <0=> RESET pin is disabled following a POR and c
                       annot be enabled as reset function
  199 000000C0         ;       <1=> RESET_b pin is dedicated
  200 000000C0         ;     <o.4> LPBOOT1
  201 000000C0         ;       <0=> Core and system clock divider (OUTDIV1) is 
                       0x7 (divide by 8) when LPBOOT0=0 or 0x3 (divide by 4) wh
                       en LPBOOT0=1.
  202 000000C0         ;       <1=> Core and system clock divider (OUTDIV1) is 
                       0x1 (divide by 2) when LPBOOT0=0 or 0x0 (divide by 1) wh
                       en LPBOOT0=1.
  203 000000C0         ;     <o.5> FAST_INIT
  204 000000C0         ;       <0=> Slower initialization
  205 000000C0         ;       <1=> Fast Initialization
  206 000000C0 000000FB 
                       FOPT    EQU              0xFB
  207 000000C0         ;   </h>
  208 000000C0         ;   <h> Flash security byte (FSEC)
  209 000000C0         ;     <i> WARNING: If SEC field is configured as "MCU se
                       curity status is secure" and MEEN field is configured as
                        "Mass erase is disabled",
  210 000000C0         ;     <i> MCU's security status cannot be set back to un
                       secure state since Mass erase via the debugger is blocke
                       d !!!
  211 000000C0         ;     <o.0..1> SEC
  212 000000C0         ;       <2=> MCU security status is unsecure
  213 000000C0         ;       <3=> MCU security status is secure
  214 000000C0         ;         <i> Flash Security
  215 000000C0         ;     <o.2..3> FSLACC
  216 000000C0         ;       <2=> Freescale factory access denied
  217 000000C0         ;       <3=> Freescale factory access granted
  218 000000C0         ;         <i> Freescale Failure Analysis Access Code
  219 000000C0         ;     <o.4..5> MEEN
  220 000000C0         ;       <2=> Mass erase is disabled
  221 000000C0         ;       <3=> Mass erase is enabled
  222 000000C0         ;     <o.6..7> KEYEN
  223 000000C0         ;       <2=> Backdoor key access enabled
  224 000000C0         ;       <3=> Backdoor key access disabled
  225 000000C0         ;         <i> Backdoor Key Security Enable



ARM Macro Assembler    Page 7 


  226 000000C0 000000FE 
                       FSEC    EQU              0xFE
  227 000000C0         ;   </h>
  228 000000C0         ; </h>
  229 000000C0                 IF               :LNOT::DEF:RAM_TARGET
  230 000000C0                 AREA             FlashConfig, DATA, READONLY
  231 00000000         __FlashConfig
  232 00000000 FF FF FF 
              FF               DCB              BackDoorK0, BackDoorK1, BackDoo
rK2, BackDoorK3
  233 00000004 FF FF FF 
              FF               DCB              BackDoorK4, BackDoorK5, BackDoo
rK6, BackDoorK7
  234 00000008 FF FF FF 
              FF               DCB              FPROT0    , FPROT1    , FPROT2 
   , FPROT3
  235 0000000C FE FB FF 
              FF               DCB              FSEC      , FOPT      , 0xFF   
   , 0xFF
  236 00000010                 ENDIF
  237 00000010         
  238 00000010         
  239 00000010                 AREA             |.text|, CODE, READONLY
  240 00000000         
  241 00000000         ; Reset Handler
  242 00000000         
  243 00000000         Reset_Handler
                               PROC
  244 00000000                 EXPORT           Reset_Handler             [WEAK
]
  245 00000000                 IMPORT           SystemInit
  246 00000000                 IMPORT           __main
  247 00000000         
  248 00000000                 IF               :LNOT::DEF:RAM_TARGET
  249 00000000                 REQUIRE          FlashConfig
  250 00000000                 ENDIF
  251 00000000         
  252 00000000 B672            CPSID            I           ; Mask interrupts
  253 00000002 4815            LDR              R0, =0xE000ED08
  254 00000004 4915            LDR              R1, =__Vectors
  255 00000006 6001            STR              R1, [R0]
  256 00000008 680A            LDR              R2, [R1]
  257 0000000A F382 8808       MSR              MSP, R2
  258 0000000E 4814            LDR              R0, =SystemInit
  259 00000010 4780            BLX              R0
  260 00000012 B662            CPSIE            i           ; Unmask interrupts
                                                            
  261 00000014 4813            LDR              R0, =__main
  262 00000016 4700            BX               R0
  263 00000018                 ENDP
  264 00000018         
  265 00000018         
  266 00000018         ; Dummy Exception Handlers (infinite loops which can be 
                       modified)
  268 00000018         NMI_Handler
                               PROC
  269 00000018                 EXPORT           NMI_Handler         [WEAK]
  270 00000018 E7FE            B                .
  271 0000001A                 ENDP



ARM Macro Assembler    Page 8 


  273 0000001A         HardFault_Handler
                               PROC
  274 0000001A                 EXPORT           HardFault_Handler         [WEAK
]
  275 0000001A E7FE            B                .
  276 0000001C                 ENDP
  278 0000001C         SVC_Handler
                               PROC
  279 0000001C                 EXPORT           SVC_Handler         [WEAK]
  280 0000001C E7FE            B                .
  281 0000001E                 ENDP
  283 0000001E         PendSV_Handler
                               PROC
  284 0000001E                 EXPORT           PendSV_Handler         [WEAK]
  285 0000001E E7FE            B                .
  286 00000020                 ENDP
  288 00000020         SysTick_Handler
                               PROC
  289 00000020                 EXPORT           SysTick_Handler         [WEAK]
  290 00000020 E7FE            B                .
  291 00000022                 ENDP
  293 00000022         DMA0_IRQHandler
                               PROC
  294 00000022                 EXPORT           DMA0_IRQHandler         [WEAK]
  295 00000022 4811            LDR              R0, =DMA0_DriverIRQHandler
  296 00000024 4700            BX               R0
  297 00000026                 ENDP
  298 00000026         
  300 00000026         DMA1_IRQHandler
                               PROC
  301 00000026                 EXPORT           DMA1_IRQHandler         [WEAK]
  302 00000026 4811            LDR              R0, =DMA1_DriverIRQHandler
  303 00000028 4700            BX               R0
  304 0000002A                 ENDP
  305 0000002A         
  307 0000002A         DMA2_IRQHandler
                               PROC
  308 0000002A                 EXPORT           DMA2_IRQHandler         [WEAK]
  309 0000002A 4811            LDR              R0, =DMA2_DriverIRQHandler
  310 0000002C 4700            BX               R0
  311 0000002E                 ENDP
  312 0000002E         
  314 0000002E         DMA3_IRQHandler
                               PROC
  315 0000002E                 EXPORT           DMA3_IRQHandler         [WEAK]
  316 0000002E 4811            LDR              R0, =DMA3_DriverIRQHandler
  317 00000030 4700            BX               R0
  318 00000032                 ENDP
  319 00000032         
  321 00000032         I2C0_IRQHandler
                               PROC
  322 00000032                 EXPORT           I2C0_IRQHandler         [WEAK]
  323 00000032 4811            LDR              R0, =I2C0_DriverIRQHandler
  324 00000034 4700            BX               R0
  325 00000036                 ENDP
  326 00000036         
  328 00000036         I2C1_IRQHandler
                               PROC
  329 00000036                 EXPORT           I2C1_IRQHandler         [WEAK]



ARM Macro Assembler    Page 9 


  330 00000036 4811            LDR              R0, =I2C1_DriverIRQHandler
  331 00000038 4700            BX               R0
  332 0000003A                 ENDP
  333 0000003A         
  335 0000003A         SPI0_IRQHandler
                               PROC
  336 0000003A                 EXPORT           SPI0_IRQHandler         [WEAK]
  337 0000003A 4811            LDR              R0, =SPI0_DriverIRQHandler
  338 0000003C 4700            BX               R0
  339 0000003E                 ENDP
  340 0000003E         
  342 0000003E         SPI1_IRQHandler
                               PROC
  343 0000003E                 EXPORT           SPI1_IRQHandler         [WEAK]
  344 0000003E 4811            LDR              R0, =SPI1_DriverIRQHandler
  345 00000040 4700            BX               R0
  346 00000042                 ENDP
  347 00000042         
  349 00000042         UART0_IRQHandler
                               PROC
  350 00000042                 EXPORT           UART0_IRQHandler         [WEAK]
  351 00000042 4811            LDR              R0, =UART0_DriverIRQHandler
  352 00000044 4700            BX               R0
  353 00000046                 ENDP
  354 00000046         
  356 00000046         UART1_IRQHandler
                               PROC
  357 00000046                 EXPORT           UART1_IRQHandler         [WEAK]
  358 00000046 4811            LDR              R0, =UART1_DriverIRQHandler
  359 00000048 4700            BX               R0
  360 0000004A                 ENDP
  361 0000004A         
  363 0000004A         UART2_IRQHandler
                               PROC
  364 0000004A                 EXPORT           UART2_IRQHandler         [WEAK]
  365 0000004A 4811            LDR              R0, =UART2_DriverIRQHandler
  366 0000004C 4700            BX               R0
  367 0000004E                 ENDP
  368 0000004E         
  370 0000004E         I2S0_IRQHandler
                               PROC
  371 0000004E                 EXPORT           I2S0_IRQHandler         [WEAK]
  372 0000004E 4811            LDR              R0, =I2S0_DriverIRQHandler
  373 00000050 4700            BX               R0
  374 00000052                 ENDP
  375 00000052         
  377 00000052         Default_Handler
                               PROC
  378 00000052                 EXPORT           DMA0_DriverIRQHandler         [
WEAK]
  379 00000052                 EXPORT           DMA1_DriverIRQHandler         [
WEAK]
  380 00000052                 EXPORT           DMA2_DriverIRQHandler         [
WEAK]
  381 00000052                 EXPORT           DMA3_DriverIRQHandler         [
WEAK]
  382 00000052                 EXPORT           Reserved20_IRQHandler         [
WEAK]
  383 00000052                 EXPORT           FTFA_IRQHandler         [WEAK]



ARM Macro Assembler    Page 10 


  384 00000052                 EXPORT           LVD_LVW_IRQHandler         [WEA
K]
  385 00000052                 EXPORT           LLWU_IRQHandler         [WEAK]
  386 00000052                 EXPORT           I2C0_DriverIRQHandler         [
WEAK]
  387 00000052                 EXPORT           I2C1_DriverIRQHandler         [
WEAK]
  388 00000052                 EXPORT           SPI0_DriverIRQHandler         [
WEAK]
  389 00000052                 EXPORT           SPI1_DriverIRQHandler         [
WEAK]
  390 00000052                 EXPORT           UART0_DriverIRQHandler         
[WEAK]
  391 00000052                 EXPORT           UART1_DriverIRQHandler         
[WEAK]
  392 00000052                 EXPORT           UART2_DriverIRQHandler         
[WEAK]
  393 00000052                 EXPORT           ADC0_IRQHandler         [WEAK]
  394 00000052                 EXPORT           CMP0_IRQHandler         [WEAK]
  395 00000052                 EXPORT           TPM0_IRQHandler         [WEAK]
  396 00000052                 EXPORT           TPM1_IRQHandler         [WEAK]
  397 00000052                 EXPORT           TPM2_IRQHandler         [WEAK]
  398 00000052                 EXPORT           RTC_IRQHandler         [WEAK]
  399 00000052                 EXPORT           RTC_Seconds_IRQHandler         
[WEAK]
  400 00000052                 EXPORT           PIT_IRQHandler         [WEAK]
  401 00000052                 EXPORT           I2S0_DriverIRQHandler         [
WEAK]
  402 00000052                 EXPORT           Reserved40_IRQHandler         [
WEAK]
  403 00000052                 EXPORT           DAC0_IRQHandler         [WEAK]
  404 00000052                 EXPORT           TSI0_IRQHandler         [WEAK]
  405 00000052                 EXPORT           MCG_IRQHandler         [WEAK]
  406 00000052                 EXPORT           LPTMR0_IRQHandler         [WEAK
]
  407 00000052                 EXPORT           Reserved45_IRQHandler         [
WEAK]
  408 00000052                 EXPORT           PORTA_IRQHandler         [WEAK]
  409 00000052                 EXPORT           PORTC_PORTD_IRQHandler         
[WEAK]
  410 00000052                 EXPORT           DefaultISR         [WEAK]
  411 00000052         DMA0_DriverIRQHandler
  412 00000052         DMA1_DriverIRQHandler
  413 00000052         DMA2_DriverIRQHandler
  414 00000052         DMA3_DriverIRQHandler
  415 00000052         Reserved20_IRQHandler
  416 00000052         FTFA_IRQHandler
  417 00000052         LVD_LVW_IRQHandler
  418 00000052         LLWU_IRQHandler
  419 00000052         I2C0_DriverIRQHandler
  420 00000052         I2C1_DriverIRQHandler
  421 00000052         SPI0_DriverIRQHandler
  422 00000052         SPI1_DriverIRQHandler
  423 00000052         UART0_DriverIRQHandler
  424 00000052         UART1_DriverIRQHandler
  425 00000052         UART2_DriverIRQHandler
  426 00000052         ADC0_IRQHandler
  427 00000052         CMP0_IRQHandler
  428 00000052         TPM0_IRQHandler



ARM Macro Assembler    Page 11 


  429 00000052         TPM1_IRQHandler
  430 00000052         TPM2_IRQHandler
  431 00000052         RTC_IRQHandler
  432 00000052         RTC_Seconds_IRQHandler
  433 00000052         PIT_IRQHandler
  434 00000052         I2S0_DriverIRQHandler
  435 00000052         Reserved40_IRQHandler
  436 00000052         DAC0_IRQHandler
  437 00000052         TSI0_IRQHandler
  438 00000052         MCG_IRQHandler
  439 00000052         LPTMR0_IRQHandler
  440 00000052         Reserved45_IRQHandler
  441 00000052         PORTA_IRQHandler
  442 00000052         PORTC_PORTD_IRQHandler
  443 00000052         DefaultISR
  444 00000052 4811            LDR              R0, =DefaultISR
  445 00000054 4700            BX               R0
  446 00000056                 ENDP
  447 00000056 00 00           ALIGN
  448 00000058         
  449 00000058         
  450 00000058                 END
              E000ED08 
              00000000 
              00000000 
              00000000 
              00000000 
              00000000 
              00000000 
              00000000 
              00000000 
              00000000 
              00000000 
              00000000 
              00000000 
              00000000 
              00000000 
              00000000 
              00000000 
Command Line: --debug --xref --diag_suppress=9931 --cpu=Cortex-M0+ --apcs=inter
work --depend=.\objects\startup_mkl16z4.d -o.\objects\startup_mkl16z4.o -I.\RTE
\_Normal -ID:\Keil_v5\Arm\Packs\ARM\CMSIS\5.6.0\CMSIS\Core\Include -ID:\Keil_v5
\Arm\Packs\ARM\CMSIS\5.6.0\CMSIS\DSP\Include -ID:\Keil_v5\Arm\Packs\Keil\Kineti
s_KLxx_DFP\1.14.0\Device\Include --predefine="__UVISION_VERSION SETA 528" --pre
define="_RTE_ SETA 1" --predefine="MKL16Z64xxx4 SETA 1" --list=.\listings\start
up_mkl16z4.lst ..\components\MKL16Z4\arm\startup_MKL16Z4.s



ARM Macro Assembler    Page 1 Alphabetic symbol ordering
Relocatable symbols

RESET 00000000

Symbol: RESET
   Definitions
      At line 48 in file ..\components\MKL16Z4\arm\startup_MKL16Z4.s
   Uses
      None
Comment: RESET unused
__Vectors 00000000

Symbol: __Vectors
   Definitions
      At line 54 in file ..\components\MKL16Z4\arm\startup_MKL16Z4.s
   Uses
      At line 49 in file ..\components\MKL16Z4\arm\startup_MKL16Z4.s
      At line 106 in file ..\components\MKL16Z4\arm\startup_MKL16Z4.s
      At line 254 in file ..\components\MKL16Z4\arm\startup_MKL16Z4.s

__Vectors_End 000000C0

Symbol: __Vectors_End
   Definitions
      At line 104 in file ..\components\MKL16Z4\arm\startup_MKL16Z4.s
   Uses
      At line 50 in file ..\components\MKL16Z4\arm\startup_MKL16Z4.s
      At line 106 in file ..\components\MKL16Z4\arm\startup_MKL16Z4.s

3 symbols



ARM Macro Assembler    Page 1 Alphabetic symbol ordering
Relocatable symbols

FlashConfig 00000000

Symbol: FlashConfig
   Definitions
      At line 230 in file ..\components\MKL16Z4\arm\startup_MKL16Z4.s
   Uses
      At line 249 in file ..\components\MKL16Z4\arm\startup_MKL16Z4.s
Comment: FlashConfig used once
__FlashConfig 00000000

Symbol: __FlashConfig
   Definitions
      At line 231 in file ..\components\MKL16Z4\arm\startup_MKL16Z4.s
   Uses
      None
Comment: __FlashConfig unused
2 symbols



ARM Macro Assembler    Page 1 Alphabetic symbol ordering
Relocatable symbols

.text 00000000

Symbol: .text
   Definitions
      At line 239 in file ..\components\MKL16Z4\arm\startup_MKL16Z4.s
   Uses
      None
Comment: .text unused
ADC0_IRQHandler 00000052

Symbol: ADC0_IRQHandler
   Definitions
      At line 426 in file ..\components\MKL16Z4\arm\startup_MKL16Z4.s
   Uses
      At line 87 in file ..\components\MKL16Z4\arm\startup_MKL16Z4.s
      At line 393 in file ..\components\MKL16Z4\arm\startup_MKL16Z4.s

CMP0_IRQHandler 00000052

Symbol: CMP0_IRQHandler
   Definitions
      At line 427 in file ..\components\MKL16Z4\arm\startup_MKL16Z4.s
   Uses
      At line 88 in file ..\components\MKL16Z4\arm\startup_MKL16Z4.s
      At line 394 in file ..\components\MKL16Z4\arm\startup_MKL16Z4.s

DAC0_IRQHandler 00000052

Symbol: DAC0_IRQHandler
   Definitions
      At line 436 in file ..\components\MKL16Z4\arm\startup_MKL16Z4.s
   Uses
      At line 97 in file ..\components\MKL16Z4\arm\startup_MKL16Z4.s
      At line 403 in file ..\components\MKL16Z4\arm\startup_MKL16Z4.s

DMA0_DriverIRQHandler 00000052

Symbol: DMA0_DriverIRQHandler
   Definitions
      At line 411 in file ..\components\MKL16Z4\arm\startup_MKL16Z4.s
   Uses
      At line 295 in file ..\components\MKL16Z4\arm\startup_MKL16Z4.s
      At line 378 in file ..\components\MKL16Z4\arm\startup_MKL16Z4.s

DMA0_IRQHandler 00000022

Symbol: DMA0_IRQHandler
   Definitions
      At line 293 in file ..\components\MKL16Z4\arm\startup_MKL16Z4.s
   Uses
      At line 72 in file ..\components\MKL16Z4\arm\startup_MKL16Z4.s
      At line 294 in file ..\components\MKL16Z4\arm\startup_MKL16Z4.s

DMA1_DriverIRQHandler 00000052

Symbol: DMA1_DriverIRQHandler
   Definitions
      At line 412 in file ..\components\MKL16Z4\arm\startup_MKL16Z4.s
   Uses



ARM Macro Assembler    Page 2 Alphabetic symbol ordering
Relocatable symbols

      At line 302 in file ..\components\MKL16Z4\arm\startup_MKL16Z4.s
      At line 379 in file ..\components\MKL16Z4\arm\startup_MKL16Z4.s

DMA1_IRQHandler 00000026

Symbol: DMA1_IRQHandler
   Definitions
      At line 300 in file ..\components\MKL16Z4\arm\startup_MKL16Z4.s
   Uses
      At line 73 in file ..\components\MKL16Z4\arm\startup_MKL16Z4.s
      At line 301 in file ..\components\MKL16Z4\arm\startup_MKL16Z4.s

DMA2_DriverIRQHandler 00000052

Symbol: DMA2_DriverIRQHandler
   Definitions
      At line 413 in file ..\components\MKL16Z4\arm\startup_MKL16Z4.s
   Uses
      At line 309 in file ..\components\MKL16Z4\arm\startup_MKL16Z4.s
      At line 380 in file ..\components\MKL16Z4\arm\startup_MKL16Z4.s

DMA2_IRQHandler 0000002A

Symbol: DMA2_IRQHandler
   Definitions
      At line 307 in file ..\components\MKL16Z4\arm\startup_MKL16Z4.s
   Uses
      At line 74 in file ..\components\MKL16Z4\arm\startup_MKL16Z4.s
      At line 308 in file ..\components\MKL16Z4\arm\startup_MKL16Z4.s

DMA3_DriverIRQHandler 00000052

Symbol: DMA3_DriverIRQHandler
   Definitions
      At line 414 in file ..\components\MKL16Z4\arm\startup_MKL16Z4.s
   Uses
      At line 316 in file ..\components\MKL16Z4\arm\startup_MKL16Z4.s
      At line 381 in file ..\components\MKL16Z4\arm\startup_MKL16Z4.s

DMA3_IRQHandler 0000002E

Symbol: DMA3_IRQHandler
   Definitions
      At line 314 in file ..\components\MKL16Z4\arm\startup_MKL16Z4.s
   Uses
      At line 75 in file ..\components\MKL16Z4\arm\startup_MKL16Z4.s
      At line 315 in file ..\components\MKL16Z4\arm\startup_MKL16Z4.s

DefaultISR 00000052

Symbol: DefaultISR
   Definitions
      At line 443 in file ..\components\MKL16Z4\arm\startup_MKL16Z4.s
   Uses
      At line 410 in file ..\components\MKL16Z4\arm\startup_MKL16Z4.s
      At line 444 in file ..\components\MKL16Z4\arm\startup_MKL16Z4.s

Default_Handler 00000052




ARM Macro Assembler    Page 3 Alphabetic symbol ordering
Relocatable symbols

Symbol: Default_Handler
   Definitions
      At line 377 in file ..\components\MKL16Z4\arm\startup_MKL16Z4.s
   Uses
      None
Comment: Default_Handler unused
FTFA_IRQHandler 00000052

Symbol: FTFA_IRQHandler
   Definitions
      At line 416 in file ..\components\MKL16Z4\arm\startup_MKL16Z4.s
   Uses
      At line 77 in file ..\components\MKL16Z4\arm\startup_MKL16Z4.s
      At line 383 in file ..\components\MKL16Z4\arm\startup_MKL16Z4.s

HardFault_Handler 0000001A

Symbol: HardFault_Handler
   Definitions
      At line 273 in file ..\components\MKL16Z4\arm\startup_MKL16Z4.s
   Uses
      At line 57 in file ..\components\MKL16Z4\arm\startup_MKL16Z4.s
      At line 274 in file ..\components\MKL16Z4\arm\startup_MKL16Z4.s

I2C0_DriverIRQHandler 00000052

Symbol: I2C0_DriverIRQHandler
   Definitions
      At line 419 in file ..\components\MKL16Z4\arm\startup_MKL16Z4.s
   Uses
      At line 323 in file ..\components\MKL16Z4\arm\startup_MKL16Z4.s
      At line 386 in file ..\components\MKL16Z4\arm\startup_MKL16Z4.s

I2C0_IRQHandler 00000032

Symbol: I2C0_IRQHandler
   Definitions
      At line 321 in file ..\components\MKL16Z4\arm\startup_MKL16Z4.s
   Uses
      At line 80 in file ..\components\MKL16Z4\arm\startup_MKL16Z4.s
      At line 322 in file ..\components\MKL16Z4\arm\startup_MKL16Z4.s

I2C1_DriverIRQHandler 00000052

Symbol: I2C1_DriverIRQHandler
   Definitions
      At line 420 in file ..\components\MKL16Z4\arm\startup_MKL16Z4.s
   Uses
      At line 330 in file ..\components\MKL16Z4\arm\startup_MKL16Z4.s
      At line 387 in file ..\components\MKL16Z4\arm\startup_MKL16Z4.s

I2C1_IRQHandler 00000036

Symbol: I2C1_IRQHandler
   Definitions
      At line 328 in file ..\components\MKL16Z4\arm\startup_MKL16Z4.s
   Uses
      At line 81 in file ..\components\MKL16Z4\arm\startup_MKL16Z4.s
      At line 329 in file ..\components\MKL16Z4\arm\startup_MKL16Z4.s



ARM Macro Assembler    Page 4 Alphabetic symbol ordering
Relocatable symbols


I2S0_DriverIRQHandler 00000052

Symbol: I2S0_DriverIRQHandler
   Definitions
      At line 434 in file ..\components\MKL16Z4\arm\startup_MKL16Z4.s
   Uses
      At line 372 in file ..\components\MKL16Z4\arm\startup_MKL16Z4.s
      At line 401 in file ..\components\MKL16Z4\arm\startup_MKL16Z4.s

I2S0_IRQHandler 0000004E

Symbol: I2S0_IRQHandler
   Definitions
      At line 370 in file ..\components\MKL16Z4\arm\startup_MKL16Z4.s
   Uses
      At line 95 in file ..\components\MKL16Z4\arm\startup_MKL16Z4.s
      At line 371 in file ..\components\MKL16Z4\arm\startup_MKL16Z4.s

LLWU_IRQHandler 00000052

Symbol: LLWU_IRQHandler
   Definitions
      At line 418 in file ..\components\MKL16Z4\arm\startup_MKL16Z4.s
   Uses
      At line 79 in file ..\components\MKL16Z4\arm\startup_MKL16Z4.s
      At line 385 in file ..\components\MKL16Z4\arm\startup_MKL16Z4.s

LPTMR0_IRQHandler 00000052

Symbol: LPTMR0_IRQHandler
   Definitions
      At line 439 in file ..\components\MKL16Z4\arm\startup_MKL16Z4.s
   Uses
      At line 100 in file ..\components\MKL16Z4\arm\startup_MKL16Z4.s
      At line 406 in file ..\components\MKL16Z4\arm\startup_MKL16Z4.s

LVD_LVW_IRQHandler 00000052

Symbol: LVD_LVW_IRQHandler
   Definitions
      At line 417 in file ..\components\MKL16Z4\arm\startup_MKL16Z4.s
   Uses
      At line 78 in file ..\components\MKL16Z4\arm\startup_MKL16Z4.s
      At line 384 in file ..\components\MKL16Z4\arm\startup_MKL16Z4.s

MCG_IRQHandler 00000052

Symbol: MCG_IRQHandler
   Definitions
      At line 438 in file ..\components\MKL16Z4\arm\startup_MKL16Z4.s
   Uses
      At line 99 in file ..\components\MKL16Z4\arm\startup_MKL16Z4.s
      At line 405 in file ..\components\MKL16Z4\arm\startup_MKL16Z4.s

NMI_Handler 00000018

Symbol: NMI_Handler
   Definitions



ARM Macro Assembler    Page 5 Alphabetic symbol ordering
Relocatable symbols

      At line 268 in file ..\components\MKL16Z4\arm\startup_MKL16Z4.s
   Uses
      At line 56 in file ..\components\MKL16Z4\arm\startup_MKL16Z4.s
      At line 269 in file ..\components\MKL16Z4\arm\startup_MKL16Z4.s

PIT_IRQHandler 00000052

Symbol: PIT_IRQHandler
   Definitions
      At line 433 in file ..\components\MKL16Z4\arm\startup_MKL16Z4.s
   Uses
      At line 94 in file ..\components\MKL16Z4\arm\startup_MKL16Z4.s
      At line 400 in file ..\components\MKL16Z4\arm\startup_MKL16Z4.s

PORTA_IRQHandler 00000052

Symbol: PORTA_IRQHandler
   Definitions
      At line 441 in file ..\components\MKL16Z4\arm\startup_MKL16Z4.s
   Uses
      At line 102 in file ..\components\MKL16Z4\arm\startup_MKL16Z4.s
      At line 408 in file ..\components\MKL16Z4\arm\startup_MKL16Z4.s

PORTC_PORTD_IRQHandler 00000052

Symbol: PORTC_PORTD_IRQHandler
   Definitions
      At line 442 in file ..\components\MKL16Z4\arm\startup_MKL16Z4.s
   Uses
      At line 103 in file ..\components\MKL16Z4\arm\startup_MKL16Z4.s
      At line 409 in file ..\components\MKL16Z4\arm\startup_MKL16Z4.s

PendSV_Handler 0000001E

Symbol: PendSV_Handler
   Definitions
      At line 283 in file ..\components\MKL16Z4\arm\startup_MKL16Z4.s
   Uses
      At line 68 in file ..\components\MKL16Z4\arm\startup_MKL16Z4.s
      At line 284 in file ..\components\MKL16Z4\arm\startup_MKL16Z4.s

RTC_IRQHandler 00000052

Symbol: RTC_IRQHandler
   Definitions
      At line 431 in file ..\components\MKL16Z4\arm\startup_MKL16Z4.s
   Uses
      At line 92 in file ..\components\MKL16Z4\arm\startup_MKL16Z4.s
      At line 398 in file ..\components\MKL16Z4\arm\startup_MKL16Z4.s

RTC_Seconds_IRQHandler 00000052

Symbol: RTC_Seconds_IRQHandler
   Definitions
      At line 432 in file ..\components\MKL16Z4\arm\startup_MKL16Z4.s
   Uses
      At line 93 in file ..\components\MKL16Z4\arm\startup_MKL16Z4.s
      At line 399 in file ..\components\MKL16Z4\arm\startup_MKL16Z4.s




ARM Macro Assembler    Page 6 Alphabetic symbol ordering
Relocatable symbols

Reserved20_IRQHandler 00000052

Symbol: Reserved20_IRQHandler
   Definitions
      At line 415 in file ..\components\MKL16Z4\arm\startup_MKL16Z4.s
   Uses
      At line 76 in file ..\components\MKL16Z4\arm\startup_MKL16Z4.s
      At line 382 in file ..\components\MKL16Z4\arm\startup_MKL16Z4.s

Reserved40_IRQHandler 00000052

Symbol: Reserved40_IRQHandler
   Definitions
      At line 435 in file ..\components\MKL16Z4\arm\startup_MKL16Z4.s
   Uses
      At line 96 in file ..\components\MKL16Z4\arm\startup_MKL16Z4.s
      At line 402 in file ..\components\MKL16Z4\arm\startup_MKL16Z4.s

Reserved45_IRQHandler 00000052

Symbol: Reserved45_IRQHandler
   Definitions
      At line 440 in file ..\components\MKL16Z4\arm\startup_MKL16Z4.s
   Uses
      At line 101 in file ..\components\MKL16Z4\arm\startup_MKL16Z4.s
      At line 407 in file ..\components\MKL16Z4\arm\startup_MKL16Z4.s

Reset_Handler 00000000

Symbol: Reset_Handler
   Definitions
      At line 243 in file ..\components\MKL16Z4\arm\startup_MKL16Z4.s
   Uses
      At line 55 in file ..\components\MKL16Z4\arm\startup_MKL16Z4.s
      At line 244 in file ..\components\MKL16Z4\arm\startup_MKL16Z4.s

SPI0_DriverIRQHandler 00000052

Symbol: SPI0_DriverIRQHandler
   Definitions
      At line 421 in file ..\components\MKL16Z4\arm\startup_MKL16Z4.s
   Uses
      At line 337 in file ..\components\MKL16Z4\arm\startup_MKL16Z4.s
      At line 388 in file ..\components\MKL16Z4\arm\startup_MKL16Z4.s

SPI0_IRQHandler 0000003A

Symbol: SPI0_IRQHandler
   Definitions
      At line 335 in file ..\components\MKL16Z4\arm\startup_MKL16Z4.s
   Uses
      At line 82 in file ..\components\MKL16Z4\arm\startup_MKL16Z4.s
      At line 336 in file ..\components\MKL16Z4\arm\startup_MKL16Z4.s

SPI1_DriverIRQHandler 00000052

Symbol: SPI1_DriverIRQHandler
   Definitions
      At line 422 in file ..\components\MKL16Z4\arm\startup_MKL16Z4.s



ARM Macro Assembler    Page 7 Alphabetic symbol ordering
Relocatable symbols

   Uses
      At line 344 in file ..\components\MKL16Z4\arm\startup_MKL16Z4.s
      At line 389 in file ..\components\MKL16Z4\arm\startup_MKL16Z4.s

SPI1_IRQHandler 0000003E

Symbol: SPI1_IRQHandler
   Definitions
      At line 342 in file ..\components\MKL16Z4\arm\startup_MKL16Z4.s
   Uses
      At line 83 in file ..\components\MKL16Z4\arm\startup_MKL16Z4.s
      At line 343 in file ..\components\MKL16Z4\arm\startup_MKL16Z4.s

SVC_Handler 0000001C

Symbol: SVC_Handler
   Definitions
      At line 278 in file ..\components\MKL16Z4\arm\startup_MKL16Z4.s
   Uses
      At line 65 in file ..\components\MKL16Z4\arm\startup_MKL16Z4.s
      At line 279 in file ..\components\MKL16Z4\arm\startup_MKL16Z4.s

SysTick_Handler 00000020

Symbol: SysTick_Handler
   Definitions
      At line 288 in file ..\components\MKL16Z4\arm\startup_MKL16Z4.s
   Uses
      At line 69 in file ..\components\MKL16Z4\arm\startup_MKL16Z4.s
      At line 289 in file ..\components\MKL16Z4\arm\startup_MKL16Z4.s

TPM0_IRQHandler 00000052

Symbol: TPM0_IRQHandler
   Definitions
      At line 428 in file ..\components\MKL16Z4\arm\startup_MKL16Z4.s
   Uses
      At line 89 in file ..\components\MKL16Z4\arm\startup_MKL16Z4.s
      At line 395 in file ..\components\MKL16Z4\arm\startup_MKL16Z4.s

TPM1_IRQHandler 00000052

Symbol: TPM1_IRQHandler
   Definitions
      At line 429 in file ..\components\MKL16Z4\arm\startup_MKL16Z4.s
   Uses
      At line 90 in file ..\components\MKL16Z4\arm\startup_MKL16Z4.s
      At line 396 in file ..\components\MKL16Z4\arm\startup_MKL16Z4.s

TPM2_IRQHandler 00000052

Symbol: TPM2_IRQHandler
   Definitions
      At line 430 in file ..\components\MKL16Z4\arm\startup_MKL16Z4.s
   Uses
      At line 91 in file ..\components\MKL16Z4\arm\startup_MKL16Z4.s
      At line 397 in file ..\components\MKL16Z4\arm\startup_MKL16Z4.s

TSI0_IRQHandler 00000052



ARM Macro Assembler    Page 8 Alphabetic symbol ordering
Relocatable symbols


Symbol: TSI0_IRQHandler
   Definitions
      At line 437 in file ..\components\MKL16Z4\arm\startup_MKL16Z4.s
   Uses
      At line 98 in file ..\components\MKL16Z4\arm\startup_MKL16Z4.s
      At line 404 in file ..\components\MKL16Z4\arm\startup_MKL16Z4.s

UART0_DriverIRQHandler 00000052

Symbol: UART0_DriverIRQHandler
   Definitions
      At line 423 in file ..\components\MKL16Z4\arm\startup_MKL16Z4.s
   Uses
      At line 351 in file ..\components\MKL16Z4\arm\startup_MKL16Z4.s
      At line 390 in file ..\components\MKL16Z4\arm\startup_MKL16Z4.s

UART0_IRQHandler 00000042

Symbol: UART0_IRQHandler
   Definitions
      At line 349 in file ..\components\MKL16Z4\arm\startup_MKL16Z4.s
   Uses
      At line 84 in file ..\components\MKL16Z4\arm\startup_MKL16Z4.s
      At line 350 in file ..\components\MKL16Z4\arm\startup_MKL16Z4.s

UART1_DriverIRQHandler 00000052

Symbol: UART1_DriverIRQHandler
   Definitions
      At line 424 in file ..\components\MKL16Z4\arm\startup_MKL16Z4.s
   Uses
      At line 358 in file ..\components\MKL16Z4\arm\startup_MKL16Z4.s
      At line 391 in file ..\components\MKL16Z4\arm\startup_MKL16Z4.s

UART1_IRQHandler 00000046

Symbol: UART1_IRQHandler
   Definitions
      At line 356 in file ..\components\MKL16Z4\arm\startup_MKL16Z4.s
   Uses
      At line 85 in file ..\components\MKL16Z4\arm\startup_MKL16Z4.s
      At line 357 in file ..\components\MKL16Z4\arm\startup_MKL16Z4.s

UART2_DriverIRQHandler 00000052

Symbol: UART2_DriverIRQHandler
   Definitions
      At line 425 in file ..\components\MKL16Z4\arm\startup_MKL16Z4.s
   Uses
      At line 365 in file ..\components\MKL16Z4\arm\startup_MKL16Z4.s
      At line 392 in file ..\components\MKL16Z4\arm\startup_MKL16Z4.s

UART2_IRQHandler 0000004A

Symbol: UART2_IRQHandler
   Definitions
      At line 363 in file ..\components\MKL16Z4\arm\startup_MKL16Z4.s
   Uses



ARM Macro Assembler    Page 9 Alphabetic symbol ordering
Relocatable symbols

      At line 86 in file ..\components\MKL16Z4\arm\startup_MKL16Z4.s
      At line 364 in file ..\components\MKL16Z4\arm\startup_MKL16Z4.s

53 symbols



ARM Macro Assembler    Page 1 Alphabetic symbol ordering
Absolute symbols

BackDoorK0 000000FF

Symbol: BackDoorK0
   Definitions
      At line 120 in file ..\components\MKL16Z4\arm\startup_MKL16Z4.s
   Uses
      At line 232 in file ..\components\MKL16Z4\arm\startup_MKL16Z4.s
Comment: BackDoorK0 used once
BackDoorK1 000000FF

Symbol: BackDoorK1
   Definitions
      At line 121 in file ..\components\MKL16Z4\arm\startup_MKL16Z4.s
   Uses
      At line 232 in file ..\components\MKL16Z4\arm\startup_MKL16Z4.s
Comment: BackDoorK1 used once
BackDoorK2 000000FF

Symbol: BackDoorK2
   Definitions
      At line 122 in file ..\components\MKL16Z4\arm\startup_MKL16Z4.s
   Uses
      At line 232 in file ..\components\MKL16Z4\arm\startup_MKL16Z4.s
Comment: BackDoorK2 used once
BackDoorK3 000000FF

Symbol: BackDoorK3
   Definitions
      At line 123 in file ..\components\MKL16Z4\arm\startup_MKL16Z4.s
   Uses
      At line 232 in file ..\components\MKL16Z4\arm\startup_MKL16Z4.s
Comment: BackDoorK3 used once
BackDoorK4 000000FF

Symbol: BackDoorK4
   Definitions
      At line 124 in file ..\components\MKL16Z4\arm\startup_MKL16Z4.s
   Uses
      At line 233 in file ..\components\MKL16Z4\arm\startup_MKL16Z4.s
Comment: BackDoorK4 used once
BackDoorK5 000000FF

Symbol: BackDoorK5
   Definitions
      At line 125 in file ..\components\MKL16Z4\arm\startup_MKL16Z4.s
   Uses
      At line 233 in file ..\components\MKL16Z4\arm\startup_MKL16Z4.s
Comment: BackDoorK5 used once
BackDoorK6 000000FF

Symbol: BackDoorK6
   Definitions
      At line 126 in file ..\components\MKL16Z4\arm\startup_MKL16Z4.s
   Uses
      At line 233 in file ..\components\MKL16Z4\arm\startup_MKL16Z4.s
Comment: BackDoorK6 used once
BackDoorK7 000000FF

Symbol: BackDoorK7



ARM Macro Assembler    Page 2 Alphabetic symbol ordering
Absolute symbols

   Definitions
      At line 127 in file ..\components\MKL16Z4\arm\startup_MKL16Z4.s
   Uses
      At line 233 in file ..\components\MKL16Z4\arm\startup_MKL16Z4.s
Comment: BackDoorK7 used once
FOPT 000000FB

Symbol: FOPT
   Definitions
      At line 206 in file ..\components\MKL16Z4\arm\startup_MKL16Z4.s
   Uses
      At line 235 in file ..\components\MKL16Z4\arm\startup_MKL16Z4.s
Comment: FOPT used once
FPROT0 000000FF

Symbol: FPROT0
   Definitions
      At line 144 in file ..\components\MKL16Z4\arm\startup_MKL16Z4.s
   Uses
      At line 234 in file ..\components\MKL16Z4\arm\startup_MKL16Z4.s
Comment: FPROT0 used once
FPROT1 000000FF

Symbol: FPROT1
   Definitions
      At line 158 in file ..\components\MKL16Z4\arm\startup_MKL16Z4.s
   Uses
      At line 234 in file ..\components\MKL16Z4\arm\startup_MKL16Z4.s
Comment: FPROT1 used once
FPROT2 000000FF

Symbol: FPROT2
   Definitions
      At line 172 in file ..\components\MKL16Z4\arm\startup_MKL16Z4.s
   Uses
      At line 234 in file ..\components\MKL16Z4\arm\startup_MKL16Z4.s
Comment: FPROT2 used once
FPROT3 000000FF

Symbol: FPROT3
   Definitions
      At line 186 in file ..\components\MKL16Z4\arm\startup_MKL16Z4.s
   Uses
      At line 234 in file ..\components\MKL16Z4\arm\startup_MKL16Z4.s
Comment: FPROT3 used once
FSEC 000000FE

Symbol: FSEC
   Definitions
      At line 226 in file ..\components\MKL16Z4\arm\startup_MKL16Z4.s
   Uses
      At line 235 in file ..\components\MKL16Z4\arm\startup_MKL16Z4.s
Comment: FSEC used once
__Vectors_Size 000000C0

Symbol: __Vectors_Size
   Definitions
      At line 106 in file ..\components\MKL16Z4\arm\startup_MKL16Z4.s
   Uses



ARM Macro Assembler    Page 3 Alphabetic symbol ordering
Absolute symbols

      At line 51 in file ..\components\MKL16Z4\arm\startup_MKL16Z4.s
Comment: __Vectors_Size used once
nFPROT0 00000000

Symbol: nFPROT0
   Definitions
      At line 143 in file ..\components\MKL16Z4\arm\startup_MKL16Z4.s
   Uses
      At line 144 in file ..\components\MKL16Z4\arm\startup_MKL16Z4.s
Comment: nFPROT0 used once
nFPROT1 00000000

Symbol: nFPROT1
   Definitions
      At line 157 in file ..\components\MKL16Z4\arm\startup_MKL16Z4.s
   Uses
      At line 158 in file ..\components\MKL16Z4\arm\startup_MKL16Z4.s
Comment: nFPROT1 used once
nFPROT2 00000000

Symbol: nFPROT2
   Definitions
      At line 171 in file ..\components\MKL16Z4\arm\startup_MKL16Z4.s
   Uses
      At line 172 in file ..\components\MKL16Z4\arm\startup_MKL16Z4.s
Comment: nFPROT2 used once
nFPROT3 00000000

Symbol: nFPROT3
   Definitions
      At line 185 in file ..\components\MKL16Z4\arm\startup_MKL16Z4.s
   Uses
      At line 186 in file ..\components\MKL16Z4\arm\startup_MKL16Z4.s
Comment: nFPROT3 used once
19 symbols



ARM Macro Assembler    Page 1 Alphabetic symbol ordering
External symbols

Image$$ARM_LIB_STACK$$ZI$$Limit 00000000

Symbol: Image$$ARM_LIB_STACK$$ZI$$Limit
   Definitions
      At line 52 in file ..\components\MKL16Z4\arm\startup_MKL16Z4.s
   Uses
      At line 54 in file ..\components\MKL16Z4\arm\startup_MKL16Z4.s
Comment: Image$$ARM_LIB_STACK$$ZI$$Limit used once
SystemInit 00000000

Symbol: SystemInit
   Definitions
      At line 245 in file ..\components\MKL16Z4\arm\startup_MKL16Z4.s
   Uses
      At line 258 in file ..\components\MKL16Z4\arm\startup_MKL16Z4.s
Comment: SystemInit used once
__main 00000000

Symbol: __main
   Definitions
      At line 246 in file ..\components\MKL16Z4\arm\startup_MKL16Z4.s
   Uses
      At line 261 in file ..\components\MKL16Z4\arm\startup_MKL16Z4.s
Comment: __main used once
3 symbols
419 symbols in table
